d:\hansen_research\virtualtryonmethod01\virtualtryon\coordinatemappingbasics-d2d\debug\vc120.pdb
d:\hansen_research\virtualtryonmethod01\virtualtryon\coordinatemappingbasics-d2d\debug\vc120.idb
d:\hansen_research\virtualtryonmethod01\virtualtryon\coordinatemappingbasics-d2d\debug\coordinatemappingbasics.obj
d:\hansen_research\virtualtryonmethod01\virtualtryon\coordinatemappingbasics-d2d\debug\glsetting.obj
d:\hansen_research\virtualtryonmethod01\virtualtryon\coordinatemappingbasics-d2d\debug\imgmap.obj
d:\hansen_research\virtualtryonmethod01\virtualtryon\coordinatemappingbasics-d2d\debug\tracking.obj
d:\hansen_research\virtualtryonmethod01\virtualtryon\coordinatemappingbasics-d2d\debug\imagerenderer.obj
d:\hansen_research\virtualtryonmethod01\virtualtryon\coordinatemappingbasics-d2d\debug\coordinatemappingbasics-d2d.ilk
d:\hansen_research\virtualtryonmethod01\virtualtryon\coordinatemappingbasics-d2d\debug\coordinatemappingbasics-d2d.exe
d:\hansen_research\virtualtryonmethod01\virtualtryon\coordinatemappingbasics-d2d\debug\coordinatemappingbasics-d2d.pdb
d:\hansen_research\virtualtryonmethod01\virtualtryon\coordinatemappingbasics-d2d\debug\coordinatemappingbasics.res
c:\users\ideapad 720s\downloads\hansen project\virtualtryonmethod01\virtualtryon\coordinatemappingbasics-d2d\debug\coordinatemappingbasics.obj
c:\users\ideapad 720s\downloads\hansen project\virtualtryonmethod01\virtualtryon\coordinatemappingbasics-d2d\debug\glsetting.obj
c:\users\ideapad 720s\downloads\hansen project\virtualtryonmethod01\virtualtryon\coordinatemappingbasics-d2d\debug\imagerenderer.obj
c:\users\ideapad 720s\downloads\hansen project\virtualtryonmethod01\virtualtryon\coordinatemappingbasics-d2d\debug\imgmap.obj
c:\users\ideapad 720s\downloads\hansen project\virtualtryonmethod01\virtualtryon\coordinatemappingbasics-d2d\debug\stdafx.obj
c:\users\ideapad 720s\downloads\hansen project\virtualtryonmethod01\virtualtryon\coordinatemappingbasics-d2d\debug\tracking.obj
c:\users\ideapad 720s\downloads\hansen project\virtualtryonmethod01\virtualtryon\coordinatemappingbasics-d2d\debug\coordinatemappingbasics-d2d.ilk
c:\users\ideapad 720s\downloads\hansen project\virtualtryonmethod01\virtualtryon\coordinatemappingbasics-d2d\debug\cuda.ilk
c:\users\ideapad 720s\downloads\hansen project\virtualtryonmethod01\virtualtryon\coordinatemappingbasics-d2d\debug\cudadll.ilk
c:\users\ideapad 720s\downloads\hansen project\virtualtryonmethod01\virtualtryon\coordinatemappingbasics-d2d\debug\demoform.ilk
c:\users\ideapad 720s\downloads\hansen project\virtualtryonmethod01\virtualtryon\coordinatemappingbasics-d2d\debug\foottracking.ilk
c:\users\ideapad 720s\downloads\hansen project\virtualtryonmethod01\virtualtryon\coordinatemappingbasics-d2d\debug\getobject.ilk
c:\users\ideapad 720s\downloads\hansen project\virtualtryonmethod01\virtualtryon\coordinatemappingbasics-d2d\debug\kinect viewer.ilk
c:\users\ideapad 720s\downloads\hansen project\virtualtryonmethod01\virtualtryon\coordinatemappingbasics-d2d\debug\new kinect form.ilk
c:\users\ideapad 720s\downloads\hansen project\virtualtryonmethod01\virtualtryon\coordinatemappingbasics-d2d\debug\openglform.ilk
c:\users\ideapad 720s\downloads\hansen project\virtualtryonmethod01\virtualtryon\coordinatemappingbasics-d2d\debug\test.ilk
c:\users\ideapad 720s\downloads\hansen project\virtualtryonmethod01\virtualtryon\coordinatemappingbasics-d2d\debug\testdll.ilk
c:\users\ideapad 720s\downloads\hansen project\virtualtryonmethod01\virtualtryon\coordinatemappingbasics-d2d\debug\new kinect form.exe.manifest
c:\users\ideapad 720s\downloads\hansen project\virtualtryonmethod01\virtualtryon\coordinatemappingbasics-d2d\debug\coordinatemappingbasics.res
c:\users\ideapad 720s\downloads\hansen project\virtualtryonmethod01\virtualtryon\coordinatemappingbasics-d2d\debug\form.pch
c:\users\ideapad 720s\downloads\hansen project\virtualtryonmethod01\virtualtryon\coordinatemappingbasics-d2d\debug\cudadll.exp
c:\users\ideapad 720s\downloads\hansen project\virtualtryonmethod01\virtualtryon\coordinatemappingbasics-d2d\debug\foottracking.exp
c:\users\ideapad 720s\downloads\hansen project\virtualtryonmethod01\virtualtryon\coordinatemappingbasics-d2d\debug\vc100.idb
c:\users\ideapad 720s\downloads\hansen project\virtualtryonmethod01\virtualtryon\coordinatemappingbasics-d2d\debug\vc120.idb
c:\users\ideapad 720s\downloads\hansen project\virtualtryonmethod01\virtualtryon\coordinatemappingbasics-d2d\debug\coordinatemappingbasics-d2d.pdb
c:\users\ideapad 720s\downloads\hansen project\virtualtryonmethod01\virtualtryon\coordinatemappingbasics-d2d\debug\cuda.pdb
c:\users\ideapad 720s\downloads\hansen project\virtualtryonmethod01\virtualtryon\coordinatemappingbasics-d2d\debug\cudadll.pdb
c:\users\ideapad 720s\downloads\hansen project\virtualtryonmethod01\virtualtryon\coordinatemappingbasics-d2d\debug\demoform.pdb
c:\users\ideapad 720s\downloads\hansen project\virtualtryonmethod01\virtualtryon\coordinatemappingbasics-d2d\debug\dostest.pdb
c:\users\ideapad 720s\downloads\hansen project\virtualtryonmethod01\virtualtryon\coordinatemappingbasics-d2d\debug\foottracking.pdb
c:\users\ideapad 720s\downloads\hansen project\virtualtryonmethod01\virtualtryon\coordinatemappingbasics-d2d\debug\getobject.pdb
c:\users\ideapad 720s\downloads\hansen project\virtualtryonmethod01\virtualtryon\coordinatemappingbasics-d2d\debug\kinect viewer.pdb
c:\users\ideapad 720s\downloads\hansen project\virtualtryonmethod01\virtualtryon\coordinatemappingbasics-d2d\debug\new kinect form.pdb
c:\users\ideapad 720s\downloads\hansen project\virtualtryonmethod01\virtualtryon\coordinatemappingbasics-d2d\debug\openglform.pdb
c:\users\ideapad 720s\downloads\hansen project\virtualtryonmethod01\virtualtryon\coordinatemappingbasics-d2d\debug\test.pdb
c:\users\ideapad 720s\downloads\hansen project\virtualtryonmethod01\virtualtryon\coordinatemappingbasics-d2d\debug\testdll.pdb
c:\users\ideapad 720s\downloads\hansen project\virtualtryonmethod01\virtualtryon\coordinatemappingbasics-d2d\debug\vc100.pdb
c:\users\ideapad 720s\downloads\hansen project\virtualtryonmethod01\virtualtryon\coordinatemappingbasics-d2d\debug\vc120.pdb
c:\users\ideapad 720s\downloads\hansen project\virtualtryonmethod01\virtualtryon\coordinatemappingbasics-d2d\debug\getobject.exe.metagen
c:\users\ideapad 720s\downloads\hansen project\virtualtryonmethod01\virtualtryon\coordinatemappingbasics-d2d\debug\new kinect form.exe.metagen
c:\users\ideapad 720s\downloads\hansen project\virtualtryonmethod01\virtualtryon\coordinatemappingbasics-d2d\debug\openglform.dll.metagen
c:\users\ideapad 720s\downloads\hansen project\virtualtryonmethod01\virtualtryon\coordinatemappingbasics-d2d\debug\test.exe.metagen
c:\users\ideapad 720s\downloads\hansen project\virtualtryonmethod01\virtualtryon\coordinatemappingbasics-d2d\debug\coordinatemappingbasics-d2d.exe
c:\users\ideapad 720s\downloads\hansen project\virtualtryonmethod01\virtualtryon\coordinatemappingbasics-d2d\debug\coordina.613beeff.tlog\cl.command.1.tlog
c:\users\ideapad 720s\downloads\hansen project\virtualtryonmethod01\virtualtryon\coordinatemappingbasics-d2d\debug\coordina.613beeff.tlog\cl.read.1.tlog
c:\users\ideapad 720s\downloads\hansen project\virtualtryonmethod01\virtualtryon\coordinatemappingbasics-d2d\debug\coordina.613beeff.tlog\cl.write.1.tlog
c:\users\ideapad 720s\downloads\hansen project\virtualtryonmethod01\virtualtryon\coordinatemappingbasics-d2d\debug\coordina.613beeff.tlog\link.command.1.tlog
c:\users\ideapad 720s\downloads\hansen project\virtualtryonmethod01\virtualtryon\coordinatemappingbasics-d2d\debug\coordina.613beeff.tlog\link.read.1.tlog
c:\users\ideapad 720s\downloads\hansen project\virtualtryonmethod01\virtualtryon\coordinatemappingbasics-d2d\debug\coordina.613beeff.tlog\link.write.1.tlog
c:\users\ideapad 720s\downloads\hansen project\virtualtryonmethod01\virtualtryon\coordinatemappingbasics-d2d\debug\coordina.613beeff.tlog\rc.command.1.tlog
c:\users\ideapad 720s\downloads\hansen project\virtualtryonmethod01\virtualtryon\coordinatemappingbasics-d2d\debug\coordina.613beeff.tlog\rc.read.1.tlog
c:\users\ideapad 720s\downloads\hansen project\virtualtryonmethod01\virtualtryon\coordinatemappingbasics-d2d\debug\coordina.613beeff.tlog\rc.write.1.tlog
