C:\USERS\KAI\DESKTOP\WORKSPACE2010_TEST\DEBUG\IMAGE.LIB
C:\USERS\KAI\DESKTOP\WORKSPACE2010_TEST\IMAGE\DEBUG\AIP.OBJ
C:\USERS\KAI\DESKTOP\WORKSPACE2010_TEST\IMAGE\DEBUG\BITMAP.OBJ
C:\Users\Kai\Desktop\workspace2010_test\image\Debug\cl.command.1.tlog
C:\Users\Kai\Desktop\workspace2010_test\image\Debug\CL.read.1.tlog
C:\Users\Kai\Desktop\workspace2010_test\image\Debug\CL.write.1.tlog
C:\USERS\KAI\DESKTOP\WORKSPACE2010_TEST\IMAGE\DEBUG\CVISION.OBJ
C:\USERS\KAI\DESKTOP\WORKSPACE2010_TEST\IMAGE\DEBUG\IMAGE.OBJ
C:\USERS\KAI\DESKTOP\WORKSPACE2010_TEST\IMAGE\DEBUG\IMGPROC.OBJ
C:\USERS\KAI\DESKTOP\WORKSPACE2010_TEST\IMAGE\DEBUG\IMGPROC2.OBJ
C:\Users\Kai\Desktop\workspace2010_test\image\Debug\lib.command.1.tlog
C:\Users\Kai\Desktop\workspace2010_test\image\Debug\Lib-link.read.1.tlog
C:\Users\Kai\Desktop\workspace2010_test\image\Debug\Lib-link.write.1.tlog
C:\USERS\KAI\DESKTOP\WORKSPACE2010_TEST\IMAGE\DEBUG\MATTE.OBJ
C:\USERS\KAI\DESKTOP\WORKSPACE2010_TEST\IMAGE\DEBUG\NORMCUT.OBJ
C:\USERS\KAI\DESKTOP\WORKSPACE2010_TEST\IMAGE\DEBUG\OPTFLOW.OBJ
C:\USERS\KAI\DESKTOP\WORKSPACE2010_TEST\IMAGE\DEBUG\PPM.OBJ
C:\USERS\KAI\DESKTOP\WORKSPACE2010_TEST\IMAGE\DEBUG\SIFT.OBJ
C:\Users\Kai\Desktop\workspace2010_test\image\Debug\vc100.idb
C:\USERS\KAI\DESKTOP\WORKSPACE2010_TEST\IMAGE\DEBUG\VC100.PDB
